<?xml version="1.0" encoding="UTF-8"?>
<testsuite name="pl.edu.agh.school.MarkTest" tests="1" skipped="0" failures="0" errors="0" timestamp="2023-10-15T16:43:39" hostname="LAPTOP-3IALHSMB" time="0.001">
  <properties/>
  <testcase name="testMark()" classname="pl.edu.agh.school.MarkTest" time="0.001"/>
  <system-out><![CDATA[]]></system-out>
  <system-err><![CDATA[]]></system-err>
</testsuite>
