<?xml version="1.0" encoding="UTF-8"?>
<testsuite name="pl.edu.agh.school.StudentTest" tests="3" skipped="0" failures="0" errors="0" timestamp="2023-10-15T16:43:39" hostname="LAPTOP-3IALHSMB" time="0.023">
  <properties/>
  <testcase name="testGetName()" classname="pl.edu.agh.school.StudentTest" time="0.02"/>
  <testcase name="testGetSchedule()" classname="pl.edu.agh.school.StudentTest" time="0.002"/>
  <testcase name="testSetSchoolClass()" classname="pl.edu.agh.school.StudentTest" time="0.001"/>
  <system-out><![CDATA[]]></system-out>
  <system-err><![CDATA[]]></system-err>
</testsuite>
