<?xml version="1.0" encoding="UTF-8"?>
<testsuite name="pl.edu.agh.school.TermTest" tests="2" skipped="0" failures="0" errors="0" timestamp="2023-10-15T16:43:39" hostname="LAPTOP-3IALHSMB" time="0.001">
  <properties/>
  <testcase name="testGetSubject()" classname="pl.edu.agh.school.TermTest" time="0.001"/>
  <testcase name="testTermData()" classname="pl.edu.agh.school.TermTest" time="0.0"/>
  <system-out><![CDATA[]]></system-out>
  <system-err><![CDATA[]]></system-err>
</testsuite>
