<?xml version="1.0" encoding="UTF-8"?>
<testsuite name="pl.edu.agh.school.SubjectTest" tests="6" skipped="0" failures="0" errors="0" timestamp="2023-10-15T16:43:39" hostname="LAPTOP-3IALHSMB" time="0.047">
  <properties/>
  <testcase name="testTeacher()" classname="pl.edu.agh.school.SubjectTest" time="0.035"/>
  <testcase name="testAddMark()" classname="pl.edu.agh.school.SubjectTest" time="0.001"/>
  <testcase name="testAddTerm()" classname="pl.edu.agh.school.SubjectTest" time="0.007"/>
  <testcase name="testGetName()" classname="pl.edu.agh.school.SubjectTest" time="0.001"/>
  <testcase name="testAddLesson()" classname="pl.edu.agh.school.SubjectTest" time="0.001"/>
  <testcase name="testAddSemesterMark()" classname="pl.edu.agh.school.SubjectTest" time="0.001"/>
  <system-out><![CDATA[]]></system-out>
  <system-err><![CDATA[]]></system-err>
</testsuite>
