<?xml version="1.0" encoding="UTF-8"?>
<testsuite name="pl.edu.agh.iisg.to.ActiveRecordTest" tests="1" skipped="0" failures="0" errors="0" timestamp="2023-10-09T09:22:50" hostname="LAPTOP-3IALHSMB" time="0.044">
  <properties/>
  <testcase name="gradeStudentTest()" classname="pl.edu.agh.iisg.to.ActiveRecordTest" time="0.044"/>
  <system-out><![CDATA[]]></system-out>
  <system-err><![CDATA[paź 09, 2023 11:22:50 AM pl.edu.agh.iisg.to.connection.ConnectionProvider init
INFO: Loading driver
paź 09, 2023 11:22:50 AM pl.edu.agh.iisg.to.connection.ConnectionProvider init
INFO: Connection created
paź 09, 2023 11:22:50 AM pl.edu.agh.iisg.to.connection.ConnectionProvider close
INFO: Closing connection
paź 09, 2023 11:22:50 AM pl.edu.agh.iisg.to.connection.ConnectionProvider init
INFO: Loading driver
paź 09, 2023 11:22:50 AM pl.edu.agh.iisg.to.connection.ConnectionProvider init
INFO: Connection created
paź 09, 2023 11:22:50 AM pl.edu.agh.iisg.to.executor.QueryExecutor <clinit>
INFO: Creating table Student
paź 09, 2023 11:22:50 AM pl.edu.agh.iisg.to.executor.QueryExecutor <clinit>
INFO: Creating table Course
paź 09, 2023 11:22:50 AM pl.edu.agh.iisg.to.executor.QueryExecutor <clinit>
INFO: Creating table Student_Course
paź 09, 2023 11:22:50 AM pl.edu.agh.iisg.to.executor.QueryExecutor <clinit>
INFO: Creating table Grade
paź 09, 2023 11:22:50 AM pl.edu.agh.iisg.to.executor.QueryExecutor read
INFO: Query: SELECT * FROM student WHERE id = (?) executed.
paź 09, 2023 11:22:50 AM pl.edu.agh.iisg.to.executor.QueryExecutor read
INFO: Query: SELECT * FROM course WHERE id = ? executed.
paź 09, 2023 11:22:50 AM pl.edu.agh.iisg.to.connection.ConnectionProvider close
INFO: Closing connection
]]></system-err>
</testsuite>
